<?xml version="1.0" encoding="UTF-8"?>
<testsuite xmlns:xsi="http://www.w3.org/2001/XMLSchema-instance" xsi:noNamespaceSchemaLocation="https://maven.apache.org/surefire/maven-surefire-plugin/xsd/surefire-test-report-3.0.xsd" version="3.0" name="com.example.QLSTK.QLSTK.QLSTKApplicationTests" time="13.157" tests="1" errors="0" skipped="0" failures="0">
  <properties>
[...]
</properties>
  <testcase name="contextLoads" classname="com.example.QLSTK.QLSTK.QLSTKApplicationTests" time="0.852">
    <system-out><![CDATA[Standard Commons Logging discovery in action with spring-jcl: please remove commons-logging.jar from classpath in order to avoid potential conflicts
14:09:54.120 [main] INFO org.springframework.test.context.support.AnnotationConfigContextLoaderUtils -- Could not detect default configuration classes for test class [com.example.QLSTK.QLSTK.QLSTKApplicationTests]: QLSTKApplicationTests does not declare any static, non-private, non-final, nested classes annotated with @Configuration.
14:09:54.314 [main] INFO org.springframework.boot.test.context.SpringBootTestContextBootstrapper -- Found @SpringBootConfiguration com.example.QLSTK.QLSTKApplication for test class com.example.QLSTK.QLSTK.QLSTKApplicationTests

  .   ____          _            __ _ _
 /\\ / ___'_ __ _ _(_)_ __  __ _ \ \ \ \
( ( )\___ | '_ | '_| | '_ \/ _` | \ \ \ \
 \\/  ___)| |_)| | | | | || (_| |  ) ) ) )
  '  |____| .__|_| |_|_| |_\__, | / / / /
 =========|_|==============|___/=/_/_/_/
 :: Spring Boot ::                (v3.2.0)

2025-05-02T14:09:55.185+07:00  INFO 29260 --- [           main] c.e.QLSTK.QLSTK.QLSTKApplicationTests    : Starting QLSTKApplicationTests using Java 21.0.6 with PID 29260 (started by anhth in C:\Users\anhth\OneDrive\Attachments\Máy tính\backend\SE104_QLSTK\QLSTK)
2025-05-02T14:09:55.189+07:00  INFO 29260 --- [           main] c.e.QLSTK.QLSTK.QLSTKApplicationTests    : No active profile set, falling back to 1 default profile: "default"
2025-05-02T14:09:57.089+07:00  INFO 29260 --- [           main] .s.d.r.c.RepositoryConfigurationDelegate : Bootstrapping Spring Data JPA repositories in DEFAULT mode.
2025-05-02T14:09:57.219+07:00  INFO 29260 --- [           main] .s.d.r.c.RepositoryConfigurationDelegate : Finished Spring Data repository scanning in 114 ms. Found 7 JPA repository interfaces.
2025-05-02T14:09:58.251+07:00  INFO 29260 --- [           main] com.zaxxer.hikari.HikariDataSource       : HikariPool-1 - Starting...
2025-05-02T14:09:59.085+07:00  INFO 29260 --- [           main] com.zaxxer.hikari.pool.HikariPool        : HikariPool-1 - Added connection com.mysql.cj.jdbc.ConnectionImpl@24a4e2c5
2025-05-02T14:09:59.092+07:00  INFO 29260 --- [           main] com.zaxxer.hikari.HikariDataSource       : HikariPool-1 - Start completed.
2025-05-02T14:09:59.301+07:00  INFO 29260 --- [           main] o.hibernate.jpa.internal.util.LogHelper  : HHH000204: Processing PersistenceUnitInfo [name: default]
2025-05-02T14:09:59.485+07:00  INFO 29260 --- [           main] org.hibernate.Version                    : HHH000412: Hibernate ORM core version 6.3.1.Final
2025-05-02T14:09:59.563+07:00  INFO 29260 --- [           main] o.h.c.internal.RegionFactoryInitiator    : HHH000026: Second-level cache disabled
2025-05-02T14:10:00.101+07:00  INFO 29260 --- [           main] o.s.o.j.p.SpringPersistenceUnitInfo      : No LoadTimeWeaver setup: ignoring JPA class transformer
2025-05-02T14:10:00.253+07:00  WARN 29260 --- [           main] org.hibernate.orm.deprecation            : HHH90000025: MySQL8Dialect does not need to be specified explicitly using 'hibernate.dialect' (remove the property setting and it will be selected by default)
2025-05-02T14:10:00.257+07:00  WARN 29260 --- [           main] org.hibernate.orm.deprecation            : HHH90000026: MySQL8Dialect has been deprecated; use org.hibernate.dialect.MySQLDialect instead
2025-05-02T14:10:02.005+07:00  INFO 29260 --- [           main] o.h.e.t.j.p.i.JtaPlatformInitiator       : HHH000489: No JTA platform available (set 'hibernate.transaction.jta.platform' to enable JTA platform integration)
Hibernate: alter table dangnhap add column login_time datetime(6)
Hibernate: alter table mosotietkiem add column da_dong bit
Hibernate: alter table sotietkiem add column thoi_gian_gui_toi_thieu integer
2025-05-02T14:10:02.615+07:00  INFO 29260 --- [           main] j.LocalContainerEntityManagerFactoryBean : Initialized JPA EntityManagerFactory for persistence unit 'default'
2025-05-02T14:10:03.268+07:00  INFO 29260 --- [           main] o.s.d.j.r.query.QueryEnhancerFactory     : Hibernate is in classpath; If applicable, HQL parser will be used.
2025-05-02T14:10:04.656+07:00  WARN 29260 --- [           main] JpaBaseConfiguration$JpaWebConfiguration : spring.jpa.open-in-view is enabled by default. Therefore, database queries may be performed during view rendering. Explicitly configure spring.jpa.open-in-view to disable this warning
2025-05-02T14:10:05.212+07:00  INFO 29260 --- [           main] o.s.s.web.DefaultSecurityFilterChain     : Will secure any request with [org.springframework.security.web.session.DisableEncodeUrlFilter@300cdf3f, org.springframework.security.web.context.request.async.WebAsyncManagerIntegrationFilter@2b75b77d, org.springframework.security.web.context.SecurityContextHolderFilter@7152ee36, org.springframework.security.web.header.HeaderWriterFilter@71fa6aa7, org.springframework.web.filter.CorsFilter@4552f89f, org.springframework.security.web.authentication.logout.LogoutFilter@d7b20d9, org.springframework.security.web.savedrequest.RequestCacheAwareFilter@7bfa2d74, org.springframework.security.web.servletapi.SecurityContextHolderAwareRequestFilter@467924d8, org.springframework.security.web.authentication.AnonymousAuthenticationFilter@59b7cbec, org.springframework.security.web.session.SessionManagementFilter@484313a6, org.springframework.security.web.access.ExceptionTranslationFilter@4cc5c43b, org.springframework.security.web.access.intercept.AuthorizationFilter@38c464df]
2025-05-02T14:10:06.003+07:00  INFO 29260 --- [           main] c.e.QLSTK.QLSTK.QLSTKApplicationTests    : Started QLSTKApplicationTests in 11.386 seconds (process running for 13.36)
]]></system-out>
    <system-err><![CDATA[WARNING: A Java agent has been loaded dynamically (C:\Users\anhth\.m2\repository\net\bytebuddy\byte-buddy-agent\1.14.10\byte-buddy-agent-1.14.10.jar)
WARNING: If a serviceability tool is in use, please run with -XX:+EnableDynamicAgentLoading to hide this warning
WARNING: If a serviceability tool is not in use, please run with -Djdk.instrument.traceUsage for more information
WARNING: Dynamic loading of agents will be disallowed by default in a future release
]]></system-err>
  </testcase>
</testsuite>